2025-11-28T21:29:21.172+0800	INFO	rpc/rpc_client.go:224	[RpcClient.Start] config-0-2247a5cb-5f76-4432-a43a-b9f5e266c45f try to connect to server on start up, server: {serverIp:192.168.163.50 serverPort:8848 serverGrpcPort:9848}
2025-11-28T21:29:21.286+0800	INFO	util/common.go:96	Local IP:192.168.163.1
2025-11-28T21:29:23.247+0800	WARN	rpc/rpc_client.go:226	[RpcClient.Start] config-0-2247a5cb-5f76-4432-a43a-b9f5e266c45f fail to connect to server on start up, error message=server check request failed , err:rpc error: code = Unavailable desc = connection error: desc = "transport: Error while dialing: dial tcp 192.168.163.50:9848: connectex: No connection could be made because the target machine actively refused it.", start up retry times left=2
2025-11-28T21:29:23.247+0800	INFO	rpc/rpc_client.go:224	[RpcClient.Start] config-0-2247a5cb-5f76-4432-a43a-b9f5e266c45f try to connect to server on start up, server: {serverIp:192.168.163.50 serverPort:8848 serverGrpcPort:9848}
2025-11-28T21:29:25.274+0800	WARN	rpc/rpc_client.go:226	[RpcClient.Start] config-0-2247a5cb-5f76-4432-a43a-b9f5e266c45f fail to connect to server on start up, error message=server check request failed , err:rpc error: code = Unavailable desc = connection error: desc = "transport: Error while dialing: dial tcp 192.168.163.50:9848: connectex: No connection could be made because the target machine actively refused it.", start up retry times left=1
2025-11-28T21:29:25.274+0800	INFO	rpc/rpc_client.go:224	[RpcClient.Start] config-0-2247a5cb-5f76-4432-a43a-b9f5e266c45f try to connect to server on start up, server: {serverIp:192.168.163.50 serverPort:8848 serverGrpcPort:9848}
2025-11-28T21:29:27.294+0800	WARN	rpc/rpc_client.go:226	[RpcClient.Start] config-0-2247a5cb-5f76-4432-a43a-b9f5e266c45f fail to connect to server on start up, error message=server check request failed , err:rpc error: code = Unavailable desc = connection error: desc = "transport: Error while dialing: dial tcp 192.168.163.50:9848: connectex: No connection could be made because the target machine actively refused it.", start up retry times left=0
2025-11-28T21:29:27.294+0800	INFO	rpc/rpc_client.go:322	config-0-2247a5cb-5f76-4432-a43a-b9f5e266c45f try to re connect to a new server, server is not appointed, will choose a random server.
2025-11-28T21:29:27.294+0800	ERROR	rpc/rpc_client.go:522	Send request fail, request=ConfigQueryRequest, body={"requestId":"","group":"dev","dataId":"user_web_dev.yaml","tenant":"a882a718-bf3b-4d92-9f3d-9ff5f679b6a6","module":"config","tag":""}, retryTimes=0, error=client not connected, current status:STARTING
github.com/nacos-group/nacos-sdk-go/v2/common/remote/rpc.(*RpcClient).Request
	C:/Users/20839/.go/pkg/mod/github.com/nacos-group/nacos-sdk-go/v2@v2.2.3/common/remote/rpc/rpc_client.go:487
github.com/nacos-group/nacos-sdk-go/v2/clients/config_client.(*ConfigProxy).requestProxy
	C:/Users/20839/.go/pkg/mod/github.com/nacos-group/nacos-sdk-go/v2@v2.2.3/clients/config_client/config_proxy.go:64
github.com/nacos-group/nacos-sdk-go/v2/clients/config_client.(*ConfigProxy).queryConfig
	C:/Users/20839/.go/pkg/mod/github.com/nacos-group/nacos-sdk-go/v2@v2.2.3/clients/config_client/config_proxy.go:116
github.com/nacos-group/nacos-sdk-go/v2/clients/config_client.(*ConfigClient).getConfigInner
	C:/Users/20839/.go/pkg/mod/github.com/nacos-group/nacos-sdk-go/v2@v2.2.3/clients/config_client/config_client.go:204
github.com/nacos-group/nacos-sdk-go/v2/clients/config_client.(*ConfigClient).GetConfig
	C:/Users/20839/.go/pkg/mod/github.com/nacos-group/nacos-sdk-go/v2@v2.2.3/clients/config_client/config_client.go:148
shop_api/core.ReadConf
	D:/5524/go_project/xtm_shop/shop/shop_api/core/init_yaml.go:56
main.main
	D:/5524/go_project/xtm_shop/shop/shop_api/main.go:13
runtime.main
	C:/Users/20839/.go/pkg/mod/golang.org/toolchain@v0.0.1-go1.25.3.windows-amd64/src/runtime/proc.go:285
runtime.goexit
	C:/Users/20839/.go/pkg/mod/golang.org/toolchain@v0.0.1-go1.25.3.windows-amd64/src/runtime/asm_amd64.s:1693
2025-11-28T21:29:27.395+0800	ERROR	rpc/rpc_client.go:522	Send request fail, request=ConfigQueryRequest, body={"requestId":"","group":"dev","dataId":"user_web_dev.yaml","tenant":"a882a718-bf3b-4d92-9f3d-9ff5f679b6a6","module":"config","tag":""}, retryTimes=1, error=client not connected, current status:STARTING
github.com/nacos-group/nacos-sdk-go/v2/common/remote/rpc.(*RpcClient).Request
	C:/Users/20839/.go/pkg/mod/github.com/nacos-group/nacos-sdk-go/v2@v2.2.3/common/remote/rpc/rpc_client.go:487
github.com/nacos-group/nacos-sdk-go/v2/clients/config_client.(*ConfigProxy).requestProxy
	C:/Users/20839/.go/pkg/mod/github.com/nacos-group/nacos-sdk-go/v2@v2.2.3/clients/config_client/config_proxy.go:64
github.com/nacos-group/nacos-sdk-go/v2/clients/config_client.(*ConfigProxy).queryConfig
	C:/Users/20839/.go/pkg/mod/github.com/nacos-group/nacos-sdk-go/v2@v2.2.3/clients/config_client/config_proxy.go:116
github.com/nacos-group/nacos-sdk-go/v2/clients/config_client.(*ConfigClient).getConfigInner
	C:/Users/20839/.go/pkg/mod/github.com/nacos-group/nacos-sdk-go/v2@v2.2.3/clients/config_client/config_client.go:204
github.com/nacos-group/nacos-sdk-go/v2/clients/config_client.(*ConfigClient).GetConfig
	C:/Users/20839/.go/pkg/mod/github.com/nacos-group/nacos-sdk-go/v2@v2.2.3/clients/config_client/config_client.go:148
shop_api/core.ReadConf
	D:/5524/go_project/xtm_shop/shop/shop_api/core/init_yaml.go:56
main.main
	D:/5524/go_project/xtm_shop/shop/shop_api/main.go:13
runtime.main
	C:/Users/20839/.go/pkg/mod/golang.org/toolchain@v0.0.1-go1.25.3.windows-amd64/src/runtime/proc.go:285
runtime.goexit
	C:/Users/20839/.go/pkg/mod/golang.org/toolchain@v0.0.1-go1.25.3.windows-amd64/src/runtime/asm_amd64.s:1693
2025-11-28T21:29:27.495+0800	ERROR	rpc/rpc_client.go:522	Send request fail, request=ConfigQueryRequest, body={"requestId":"","group":"dev","dataId":"user_web_dev.yaml","tenant":"a882a718-bf3b-4d92-9f3d-9ff5f679b6a6","module":"config","tag":""}, retryTimes=2, error=client not connected, current status:STARTING
github.com/nacos-group/nacos-sdk-go/v2/common/remote/rpc.(*RpcClient).Request
	C:/Users/20839/.go/pkg/mod/github.com/nacos-group/nacos-sdk-go/v2@v2.2.3/common/remote/rpc/rpc_client.go:487
github.com/nacos-group/nacos-sdk-go/v2/clients/config_client.(*ConfigProxy).requestProxy
	C:/Users/20839/.go/pkg/mod/github.com/nacos-group/nacos-sdk-go/v2@v2.2.3/clients/config_client/config_proxy.go:64
github.com/nacos-group/nacos-sdk-go/v2/clients/config_client.(*ConfigProxy).queryConfig
	C:/Users/20839/.go/pkg/mod/github.com/nacos-group/nacos-sdk-go/v2@v2.2.3/clients/config_client/config_proxy.go:116
github.com/nacos-group/nacos-sdk-go/v2/clients/config_client.(*ConfigClient).getConfigInner
	C:/Users/20839/.go/pkg/mod/github.com/nacos-group/nacos-sdk-go/v2@v2.2.3/clients/config_client/config_client.go:204
github.com/nacos-group/nacos-sdk-go/v2/clients/config_client.(*ConfigClient).GetConfig
	C:/Users/20839/.go/pkg/mod/github.com/nacos-group/nacos-sdk-go/v2@v2.2.3/clients/config_client/config_client.go:148
shop_api/core.ReadConf
	D:/5524/go_project/xtm_shop/shop/shop_api/core/init_yaml.go:56
main.main
	D:/5524/go_project/xtm_shop/shop/shop_api/main.go:13
runtime.main
	C:/Users/20839/.go/pkg/mod/golang.org/toolchain@v0.0.1-go1.25.3.windows-amd64/src/runtime/proc.go:285
runtime.goexit
	C:/Users/20839/.go/pkg/mod/golang.org/toolchain@v0.0.1-go1.25.3.windows-amd64/src/runtime/asm_amd64.s:1693
2025-11-28T21:29:27.596+0800	ERROR	config_client/config_client.go:207	get config from server error:client not connected, current status:STARTING, dataId=user_web_dev.yaml, group=dev, namespaceId=a882a718-bf3b-4d92-9f3d-9ff5f679b6a6
2025-11-28T21:29:27.596+0800	ERROR	cache/disk_cache.go:101	get config from cache, cacheKey:user_web_dev.yaml@@dev@@a882a718-bf3b-4d92-9f3d-9ff5f679b6a6, cacheDir:tmp/nacos/cache\config, error:open tmp/nacos/cache\config\user_web_dev.yaml@@dev@@a882a718-bf3b-4d92-9f3d-9ff5f679b6a6: The system cannot find the path specified. 
2025-11-28T21:36:18.255+0800	DEBUG	rpc/rpc_client.go:290	config-0-d340f169-5574-45d1-9fd4-f9e9f574e81a register server push request:ConfigChangeNotifyRequest handler:ConfigChangeNotifyRequestHandler
2025-11-28T21:36:18.299+0800	DEBUG	rpc/rpc_client.go:290	config-0-d340f169-5574-45d1-9fd4-f9e9f574e81a register server push request:ConnectResetRequest handler:ConnectResetRequestHandler
2025-11-28T21:36:18.299+0800	DEBUG	rpc/rpc_client.go:290	config-0-d340f169-5574-45d1-9fd4-f9e9f574e81a register server push request:ClientDetectionRequest handler:ClientDetectionRequestHandler
2025-11-28T21:36:18.299+0800	INFO	rpc/rpc_client.go:224	[RpcClient.Start] config-0-d340f169-5574-45d1-9fd4-f9e9f574e81a try to connect to server on start up, server: {serverIp:192.168.163.50 serverPort:8848 serverGrpcPort:9848}
2025-11-28T21:36:18.353+0800	INFO	util/common.go:96	Local IP:192.168.163.1
2025-11-28T21:36:20.335+0800	WARN	rpc/rpc_client.go:226	[RpcClient.Start] config-0-d340f169-5574-45d1-9fd4-f9e9f574e81a fail to connect to server on start up, error message=server check request failed , err:rpc error: code = Unavailable desc = connection error: desc = "transport: Error while dialing: dial tcp 192.168.163.50:9848: connectex: No connection could be made because the target machine actively refused it.", start up retry times left=2
2025-11-28T21:36:20.335+0800	INFO	rpc/rpc_client.go:224	[RpcClient.Start] config-0-d340f169-5574-45d1-9fd4-f9e9f574e81a try to connect to server on start up, server: {serverIp:192.168.163.50 serverPort:8848 serverGrpcPort:9848}
2025-11-28T21:36:22.368+0800	WARN	rpc/rpc_client.go:226	[RpcClient.Start] config-0-d340f169-5574-45d1-9fd4-f9e9f574e81a fail to connect to server on start up, error message=server check request failed , err:rpc error: code = Unavailable desc = connection error: desc = "transport: Error while dialing: dial tcp 192.168.163.50:9848: connectex: No connection could be made because the target machine actively refused it.", start up retry times left=1
2025-11-28T21:36:22.368+0800	INFO	rpc/rpc_client.go:224	[RpcClient.Start] config-0-d340f169-5574-45d1-9fd4-f9e9f574e81a try to connect to server on start up, server: {serverIp:192.168.163.50 serverPort:8848 serverGrpcPort:9848}
2025-11-28T21:36:24.412+0800	WARN	rpc/rpc_client.go:226	[RpcClient.Start] config-0-d340f169-5574-45d1-9fd4-f9e9f574e81a fail to connect to server on start up, error message=server check request failed , err:rpc error: code = Unavailable desc = connection error: desc = "transport: Error while dialing: dial tcp 192.168.163.50:9848: connectex: No connection could be made because the target machine actively refused it.", start up retry times left=0
2025-11-28T21:36:24.412+0800	INFO	rpc/rpc_client.go:322	config-0-d340f169-5574-45d1-9fd4-f9e9f574e81a try to re connect to a new server, server is not appointed, will choose a random server.
2025-11-28T21:36:24.412+0800	ERROR	rpc/rpc_client.go:522	Send request fail, request=ConfigQueryRequest, body={"requestId":"","group":"dev","dataId":"user_web_dev.yaml","tenant":"a882a718-bf3b-4d92-9f3d-9ff5f679b6a6","module":"config","tag":""}, retryTimes=0, error=client not connected, current status:STARTING
github.com/nacos-group/nacos-sdk-go/v2/common/remote/rpc.(*RpcClient).Request
	C:/Users/20839/.go/pkg/mod/github.com/nacos-group/nacos-sdk-go/v2@v2.2.3/common/remote/rpc/rpc_client.go:487
github.com/nacos-group/nacos-sdk-go/v2/clients/config_client.(*ConfigProxy).requestProxy
	C:/Users/20839/.go/pkg/mod/github.com/nacos-group/nacos-sdk-go/v2@v2.2.3/clients/config_client/config_proxy.go:64
github.com/nacos-group/nacos-sdk-go/v2/clients/config_client.(*ConfigProxy).queryConfig
	C:/Users/20839/.go/pkg/mod/github.com/nacos-group/nacos-sdk-go/v2@v2.2.3/clients/config_client/config_proxy.go:116
github.com/nacos-group/nacos-sdk-go/v2/clients/config_client.(*ConfigClient).getConfigInner
	C:/Users/20839/.go/pkg/mod/github.com/nacos-group/nacos-sdk-go/v2@v2.2.3/clients/config_client/config_client.go:204
github.com/nacos-group/nacos-sdk-go/v2/clients/config_client.(*ConfigClient).GetConfig
	C:/Users/20839/.go/pkg/mod/github.com/nacos-group/nacos-sdk-go/v2@v2.2.3/clients/config_client/config_client.go:148
shop_api/core.ReadConf
	D:/5524/go_project/xtm_shop/shop/shop_api/core/init_yaml.go:56
main.main
	D:/5524/go_project/xtm_shop/shop/shop_api/main.go:13
runtime.main
	C:/Users/20839/.go/pkg/mod/golang.org/toolchain@v0.0.1-go1.25.3.windows-amd64/src/runtime/proc.go:285
runtime.goexit
	C:/Users/20839/.go/pkg/mod/golang.org/toolchain@v0.0.1-go1.25.3.windows-amd64/src/runtime/asm_amd64.s:1693
2025-11-28T21:36:24.513+0800	ERROR	rpc/rpc_client.go:522	Send request fail, request=ConfigQueryRequest, body={"requestId":"","group":"dev","dataId":"user_web_dev.yaml","tenant":"a882a718-bf3b-4d92-9f3d-9ff5f679b6a6","module":"config","tag":""}, retryTimes=1, error=client not connected, current status:STARTING
github.com/nacos-group/nacos-sdk-go/v2/common/remote/rpc.(*RpcClient).Request
	C:/Users/20839/.go/pkg/mod/github.com/nacos-group/nacos-sdk-go/v2@v2.2.3/common/remote/rpc/rpc_client.go:487
github.com/nacos-group/nacos-sdk-go/v2/clients/config_client.(*ConfigProxy).requestProxy
	C:/Users/20839/.go/pkg/mod/github.com/nacos-group/nacos-sdk-go/v2@v2.2.3/clients/config_client/config_proxy.go:64
github.com/nacos-group/nacos-sdk-go/v2/clients/config_client.(*ConfigProxy).queryConfig
	C:/Users/20839/.go/pkg/mod/github.com/nacos-group/nacos-sdk-go/v2@v2.2.3/clients/config_client/config_proxy.go:116
github.com/nacos-group/nacos-sdk-go/v2/clients/config_client.(*ConfigClient).getConfigInner
	C:/Users/20839/.go/pkg/mod/github.com/nacos-group/nacos-sdk-go/v2@v2.2.3/clients/config_client/config_client.go:204
github.com/nacos-group/nacos-sdk-go/v2/clients/config_client.(*ConfigClient).GetConfig
	C:/Users/20839/.go/pkg/mod/github.com/nacos-group/nacos-sdk-go/v2@v2.2.3/clients/config_client/config_client.go:148
shop_api/core.ReadConf
	D:/5524/go_project/xtm_shop/shop/shop_api/core/init_yaml.go:56
main.main
	D:/5524/go_project/xtm_shop/shop/shop_api/main.go:13
runtime.main
	C:/Users/20839/.go/pkg/mod/golang.org/toolchain@v0.0.1-go1.25.3.windows-amd64/src/runtime/proc.go:285
runtime.goexit
	C:/Users/20839/.go/pkg/mod/golang.org/toolchain@v0.0.1-go1.25.3.windows-amd64/src/runtime/asm_amd64.s:1693
2025-11-28T21:36:24.614+0800	ERROR	rpc/rpc_client.go:522	Send request fail, request=ConfigQueryRequest, body={"requestId":"","group":"dev","dataId":"user_web_dev.yaml","tenant":"a882a718-bf3b-4d92-9f3d-9ff5f679b6a6","module":"config","tag":""}, retryTimes=2, error=client not connected, current status:STARTING
github.com/nacos-group/nacos-sdk-go/v2/common/remote/rpc.(*RpcClient).Request
	C:/Users/20839/.go/pkg/mod/github.com/nacos-group/nacos-sdk-go/v2@v2.2.3/common/remote/rpc/rpc_client.go:487
github.com/nacos-group/nacos-sdk-go/v2/clients/config_client.(*ConfigProxy).requestProxy
	C:/Users/20839/.go/pkg/mod/github.com/nacos-group/nacos-sdk-go/v2@v2.2.3/clients/config_client/config_proxy.go:64
github.com/nacos-group/nacos-sdk-go/v2/clients/config_client.(*ConfigProxy).queryConfig
	C:/Users/20839/.go/pkg/mod/github.com/nacos-group/nacos-sdk-go/v2@v2.2.3/clients/config_client/config_proxy.go:116
github.com/nacos-group/nacos-sdk-go/v2/clients/config_client.(*ConfigClient).getConfigInner
	C:/Users/20839/.go/pkg/mod/github.com/nacos-group/nacos-sdk-go/v2@v2.2.3/clients/config_client/config_client.go:204
github.com/nacos-group/nacos-sdk-go/v2/clients/config_client.(*ConfigClient).GetConfig
	C:/Users/20839/.go/pkg/mod/github.com/nacos-group/nacos-sdk-go/v2@v2.2.3/clients/config_client/config_client.go:148
shop_api/core.ReadConf
	D:/5524/go_project/xtm_shop/shop/shop_api/core/init_yaml.go:56
main.main
	D:/5524/go_project/xtm_shop/shop/shop_api/main.go:13
runtime.main
	C:/Users/20839/.go/pkg/mod/golang.org/toolchain@v0.0.1-go1.25.3.windows-amd64/src/runtime/proc.go:285
runtime.goexit
	C:/Users/20839/.go/pkg/mod/golang.org/toolchain@v0.0.1-go1.25.3.windows-amd64/src/runtime/asm_amd64.s:1693
2025-11-28T21:36:24.714+0800	ERROR	config_client/config_client.go:207	get config from server error:client not connected, current status:STARTING, dataId=user_web_dev.yaml, group=dev, namespaceId=a882a718-bf3b-4d92-9f3d-9ff5f679b6a6
2025-11-28T21:36:24.714+0800	ERROR	cache/disk_cache.go:101	get config from cache, cacheKey:user_web_dev.yaml@@dev@@a882a718-bf3b-4d92-9f3d-9ff5f679b6a6, cacheDir:tmp/nacos/cache\config, error:open tmp/nacos/cache\config\user_web_dev.yaml@@dev@@a882a718-bf3b-4d92-9f3d-9ff5f679b6a6: The system cannot find the path specified. 
2025-11-28T21:48:20.293+0800	DEBUG	rpc/rpc_client.go:290	config-0-d70a7aee-e68e-4f25-8cb9-31cabf2cbf4e register server push request:ConfigChangeNotifyRequest handler:ConfigChangeNotifyRequestHandler
2025-11-28T21:48:20.340+0800	DEBUG	rpc/rpc_client.go:290	config-0-d70a7aee-e68e-4f25-8cb9-31cabf2cbf4e register server push request:ConnectResetRequest handler:ConnectResetRequestHandler
2025-11-28T21:48:20.340+0800	DEBUG	rpc/rpc_client.go:290	config-0-d70a7aee-e68e-4f25-8cb9-31cabf2cbf4e register server push request:ClientDetectionRequest handler:ClientDetectionRequestHandler
2025-11-28T21:48:20.340+0800	INFO	rpc/rpc_client.go:224	[RpcClient.Start] config-0-d70a7aee-e68e-4f25-8cb9-31cabf2cbf4e try to connect to server on start up, server: {serverIp:192.168.163.50 serverPort:8848 serverGrpcPort:9848}
2025-11-28T21:48:20.403+0800	INFO	util/common.go:96	Local IP:192.168.163.1
2025-11-28T21:48:22.383+0800	WARN	rpc/rpc_client.go:226	[RpcClient.Start] config-0-d70a7aee-e68e-4f25-8cb9-31cabf2cbf4e fail to connect to server on start up, error message=server check request failed , err:rpc error: code = Unavailable desc = connection error: desc = "transport: Error while dialing: dial tcp 192.168.163.50:9848: connectex: No connection could be made because the target machine actively refused it.", start up retry times left=2
2025-11-28T21:48:22.383+0800	INFO	rpc/rpc_client.go:224	[RpcClient.Start] config-0-d70a7aee-e68e-4f25-8cb9-31cabf2cbf4e try to connect to server on start up, server: {serverIp:192.168.163.50 serverPort:8848 serverGrpcPort:9848}
2025-11-28T21:48:24.404+0800	WARN	rpc/rpc_client.go:226	[RpcClient.Start] config-0-d70a7aee-e68e-4f25-8cb9-31cabf2cbf4e fail to connect to server on start up, error message=server check request failed , err:rpc error: code = Unavailable desc = connection error: desc = "transport: Error while dialing: dial tcp 192.168.163.50:9848: connectex: No connection could be made because the target machine actively refused it.", start up retry times left=1
2025-11-28T21:48:24.404+0800	INFO	rpc/rpc_client.go:224	[RpcClient.Start] config-0-d70a7aee-e68e-4f25-8cb9-31cabf2cbf4e try to connect to server on start up, server: {serverIp:192.168.163.50 serverPort:8848 serverGrpcPort:9848}
2025-11-28T21:48:26.418+0800	WARN	rpc/rpc_client.go:226	[RpcClient.Start] config-0-d70a7aee-e68e-4f25-8cb9-31cabf2cbf4e fail to connect to server on start up, error message=server check request failed , err:rpc error: code = Unavailable desc = connection error: desc = "transport: Error while dialing: dial tcp 192.168.163.50:9848: connectex: No connection could be made because the target machine actively refused it.", start up retry times left=0
2025-11-28T21:48:26.419+0800	INFO	rpc/rpc_client.go:322	config-0-d70a7aee-e68e-4f25-8cb9-31cabf2cbf4e try to re connect to a new server, server is not appointed, will choose a random server.
2025-11-28T21:48:26.419+0800	ERROR	rpc/rpc_client.go:522	Send request fail, request=ConfigQueryRequest, body={"requestId":"","group":"dev","dataId":"user_web_dev.yaml","tenant":"b5dc39e2-0639-4fbc-a591-d84a0903381a","module":"config","tag":""}, retryTimes=0, error=client not connected, current status:STARTING
github.com/nacos-group/nacos-sdk-go/v2/common/remote/rpc.(*RpcClient).Request
	C:/Users/20839/.go/pkg/mod/github.com/nacos-group/nacos-sdk-go/v2@v2.2.3/common/remote/rpc/rpc_client.go:487
github.com/nacos-group/nacos-sdk-go/v2/clients/config_client.(*ConfigProxy).requestProxy
	C:/Users/20839/.go/pkg/mod/github.com/nacos-group/nacos-sdk-go/v2@v2.2.3/clients/config_client/config_proxy.go:64
github.com/nacos-group/nacos-sdk-go/v2/clients/config_client.(*ConfigProxy).queryConfig
	C:/Users/20839/.go/pkg/mod/github.com/nacos-group/nacos-sdk-go/v2@v2.2.3/clients/config_client/config_proxy.go:116
github.com/nacos-group/nacos-sdk-go/v2/clients/config_client.(*ConfigClient).getConfigInner
	C:/Users/20839/.go/pkg/mod/github.com/nacos-group/nacos-sdk-go/v2@v2.2.3/clients/config_client/config_client.go:204
github.com/nacos-group/nacos-sdk-go/v2/clients/config_client.(*ConfigClient).GetConfig
	C:/Users/20839/.go/pkg/mod/github.com/nacos-group/nacos-sdk-go/v2@v2.2.3/clients/config_client/config_client.go:148
shop_api/core.ReadConf
	D:/5524/go_project/xtm_shop/shop/shop_api/core/init_yaml.go:56
main.main
	D:/5524/go_project/xtm_shop/shop/shop_api/main.go:13
runtime.main
	C:/Users/20839/.go/pkg/mod/golang.org/toolchain@v0.0.1-go1.25.3.windows-amd64/src/runtime/proc.go:285
runtime.goexit
	C:/Users/20839/.go/pkg/mod/golang.org/toolchain@v0.0.1-go1.25.3.windows-amd64/src/runtime/asm_amd64.s:1693
2025-11-28T21:48:26.520+0800	ERROR	rpc/rpc_client.go:522	Send request fail, request=ConfigQueryRequest, body={"requestId":"","group":"dev","dataId":"user_web_dev.yaml","tenant":"b5dc39e2-0639-4fbc-a591-d84a0903381a","module":"config","tag":""}, retryTimes=1, error=client not connected, current status:STARTING
github.com/nacos-group/nacos-sdk-go/v2/common/remote/rpc.(*RpcClient).Request
	C:/Users/20839/.go/pkg/mod/github.com/nacos-group/nacos-sdk-go/v2@v2.2.3/common/remote/rpc/rpc_client.go:487
github.com/nacos-group/nacos-sdk-go/v2/clients/config_client.(*ConfigProxy).requestProxy
	C:/Users/20839/.go/pkg/mod/github.com/nacos-group/nacos-sdk-go/v2@v2.2.3/clients/config_client/config_proxy.go:64
github.com/nacos-group/nacos-sdk-go/v2/clients/config_client.(*ConfigProxy).queryConfig
	C:/Users/20839/.go/pkg/mod/github.com/nacos-group/nacos-sdk-go/v2@v2.2.3/clients/config_client/config_proxy.go:116
github.com/nacos-group/nacos-sdk-go/v2/clients/config_client.(*ConfigClient).getConfigInner
	C:/Users/20839/.go/pkg/mod/github.com/nacos-group/nacos-sdk-go/v2@v2.2.3/clients/config_client/config_client.go:204
github.com/nacos-group/nacos-sdk-go/v2/clients/config_client.(*ConfigClient).GetConfig
	C:/Users/20839/.go/pkg/mod/github.com/nacos-group/nacos-sdk-go/v2@v2.2.3/clients/config_client/config_client.go:148
shop_api/core.ReadConf
	D:/5524/go_project/xtm_shop/shop/shop_api/core/init_yaml.go:56
main.main
	D:/5524/go_project/xtm_shop/shop/shop_api/main.go:13
runtime.main
	C:/Users/20839/.go/pkg/mod/golang.org/toolchain@v0.0.1-go1.25.3.windows-amd64/src/runtime/proc.go:285
runtime.goexit
	C:/Users/20839/.go/pkg/mod/golang.org/toolchain@v0.0.1-go1.25.3.windows-amd64/src/runtime/asm_amd64.s:1693
2025-11-28T21:48:26.620+0800	ERROR	rpc/rpc_client.go:522	Send request fail, request=ConfigQueryRequest, body={"requestId":"","group":"dev","dataId":"user_web_dev.yaml","tenant":"b5dc39e2-0639-4fbc-a591-d84a0903381a","module":"config","tag":""}, retryTimes=2, error=client not connected, current status:STARTING
github.com/nacos-group/nacos-sdk-go/v2/common/remote/rpc.(*RpcClient).Request
	C:/Users/20839/.go/pkg/mod/github.com/nacos-group/nacos-sdk-go/v2@v2.2.3/common/remote/rpc/rpc_client.go:487
github.com/nacos-group/nacos-sdk-go/v2/clients/config_client.(*ConfigProxy).requestProxy
	C:/Users/20839/.go/pkg/mod/github.com/nacos-group/nacos-sdk-go/v2@v2.2.3/clients/config_client/config_proxy.go:64
github.com/nacos-group/nacos-sdk-go/v2/clients/config_client.(*ConfigProxy).queryConfig
	C:/Users/20839/.go/pkg/mod/github.com/nacos-group/nacos-sdk-go/v2@v2.2.3/clients/config_client/config_proxy.go:116
github.com/nacos-group/nacos-sdk-go/v2/clients/config_client.(*ConfigClient).getConfigInner
	C:/Users/20839/.go/pkg/mod/github.com/nacos-group/nacos-sdk-go/v2@v2.2.3/clients/config_client/config_client.go:204
github.com/nacos-group/nacos-sdk-go/v2/clients/config_client.(*ConfigClient).GetConfig
	C:/Users/20839/.go/pkg/mod/github.com/nacos-group/nacos-sdk-go/v2@v2.2.3/clients/config_client/config_client.go:148
shop_api/core.ReadConf
	D:/5524/go_project/xtm_shop/shop/shop_api/core/init_yaml.go:56
main.main
	D:/5524/go_project/xtm_shop/shop/shop_api/main.go:13
runtime.main
	C:/Users/20839/.go/pkg/mod/golang.org/toolchain@v0.0.1-go1.25.3.windows-amd64/src/runtime/proc.go:285
runtime.goexit
	C:/Users/20839/.go/pkg/mod/golang.org/toolchain@v0.0.1-go1.25.3.windows-amd64/src/runtime/asm_amd64.s:1693
2025-11-28T21:48:26.721+0800	ERROR	config_client/config_client.go:207	get config from server error:client not connected, current status:STARTING, dataId=user_web_dev.yaml, group=dev, namespaceId=b5dc39e2-0639-4fbc-a591-d84a0903381a
2025-11-28T21:48:26.721+0800	ERROR	cache/disk_cache.go:101	get config from cache, cacheKey:user_web_dev.yaml@@dev@@b5dc39e2-0639-4fbc-a591-d84a0903381a, cacheDir:tmp/nacos/cache\config, error:open tmp/nacos/cache\config\user_web_dev.yaml@@dev@@b5dc39e2-0639-4fbc-a591-d84a0903381a: The system cannot find the path specified. 
